<?xml version="1.0" encoding="UTF-8"?>
<!-- Generated by org.testng.reporters.JUnitReportReporter -->
<testsuite hostname="dpk-PC" name="com.SeleniumJava.tests.BlogLinksTest" tests="2" failures="0" timestamp="2 Jul 2017 02:59:04 GMT" time="0.362" errors="0">
  <testcase name="verifyLinksOnBlogTests" time="0.285" classname="com.SeleniumJava.tests.BlogLinksTest"/>
  <testcase name="verifyLinksOnBlogTests" time="0.077" classname="com.SeleniumJava.tests.BlogLinksTest"/>
</testsuite> <!-- com.SeleniumJava.tests.BlogLinksTest -->
