<?xml version="1.0" encoding="UTF-8"?>
<!-- Generated by org.testng.reporters.JUnitReportReporter -->
<testsuite hostname="dpk-PC" name="com.Eherrera.tests.HomePageTests" tests="1" failures="0" timestamp="27 Mar 2017 03:20:02 GMT" time="19.897" errors="0">
  <testcase name="testHomePage" time="19.897" classname="com.Eherrera.tests.HomePageTests"/>
</testsuite> <!-- com.Eherrera.tests.HomePageTests -->
