<?xml version="1.0" encoding="UTF-8"?>
<!-- Generated by org.testng.reporters.JUnitReportReporter -->
<testsuite hostname="dpk-PC" name="com.WildRides.tests.BlogTests" tests="1" failures="0" timestamp="3 Apr 2017 04:07:47 GMT" time="12.400" errors="0">
  <testcase name="testBlogPage" time="12.400" classname="com.WildRides.tests.BlogTests"/>
</testsuite> <!-- com.WildRides.tests.BlogTests -->
