<?xml version="1.0" encoding="UTF-8"?>
<!-- Generated by org.testng.reporters.JUnitReportReporter -->
<testsuite hostname="dpk-PC" name="tests.HomePageTests" tests="1" failures="0" timestamp="26 Mar 2017 06:25:29 GMT" time="2.279" errors="0">
  <testcase name="testHomePage" time="2.279" classname="tests.HomePageTests"/>
</testsuite> <!-- tests.HomePageTests -->
